c:\users\julian vives\documents\cpp_indie_studio\release\vc140.pdb
c:\users\julian vives\documents\cpp_indie_studio\release\mutex.obj
c:\users\julian vives\documents\cpp_indie_studio\release\sound.obj
c:\users\julian vives\documents\cpp_indie_studio\release\main.obj
c:\users\julian vives\documents\cpp_indie_studio\release\filedeletion.obj
c:\users\julian vives\documents\cpp_indie_studio\release\loader.obj
c:\users\julian vives\documents\cpp_indie_studio\release\guicontext.obj
c:\users\julian vives\documents\cpp_indie_studio\release\launchereventreceiver.obj
c:\users\julian vives\documents\cpp_indie_studio\release\launcher.obj
c:\users\julian vives\documents\cpp_indie_studio\release\texture.obj
c:\users\julian vives\documents\cpp_indie_studio\release\particle.obj
c:\users\julian vives\documents\cpp_indie_studio\release\gameobject.obj
c:\users\julian vives\documents\cpp_indie_studio\release\bonus.obj
c:\users\julian vives\documents\cpp_indie_studio\release\bomb.obj
c:\users\julian vives\documents\cpp_indie_studio\release\block.obj
c:\users\julian vives\documents\cpp_indie_studio\release\instance.obj
c:\users\julian vives\documents\cpp_indie_studio\release\game.obj
c:\users\julian vives\documents\cpp_indie_studio\release\events.obj
c:\users\julian vives\documents\cpp_indie_studio\release\cfgparser.obj
c:\users\julian vives\documents\cpp_indie_studio\release\character.obj
c:\users\julian vives\documents\cpp_indie_studio\release\ai.obj
c:\users\julian vives\documents\cpp_indie_studio\release\indie studio.exe
c:\users\julian vives\documents\cpp_indie_studio\release\indie studio.pdb
c:\users\julian vives\documents\cpp_indie_studio\release\indie studio.tlog\cl.command.1.tlog
c:\users\julian vives\documents\cpp_indie_studio\release\indie studio.tlog\cl.read.1.tlog
c:\users\julian vives\documents\cpp_indie_studio\release\indie studio.tlog\cl.write.1.tlog
c:\users\julian vives\documents\cpp_indie_studio\release\indie studio.tlog\link.command.1.tlog
c:\users\julian vives\documents\cpp_indie_studio\release\indie studio.tlog\link.read.1.tlog
c:\users\julian vives\documents\cpp_indie_studio\release\indie studio.tlog\link.write.1.tlog
